sh: -c: line 9: syntax error near unexpected token `%'
sh: -c: line 9: `__conda_exe%(%) %('
Lmod has detected the following error: Unable to find: "^export
CONDA_EXE=/apps/easybuild%-2022/easybuild/software/Core/Anaconda3/2022%.10/bin/conda
export _CE_M=
export _CE_CONDA=
export
CONDA_PYTHON_EXE=/apps/easybuild%-2022/easybuild/software/Core/Anaconda3/2022%.10/bin/python

# Copyright %(C%) 2012 Anaconda, Inc
# SPDX%-License%-Identifier: BSD%-3%-Clause

__conda_exe%(%) %(
    "%$CONDA_EXE" %$_CE_M %$_CE_CONDA "%$@"
%)

__conda_hashr%(%) {
    if %[ %-n "%${ZSH_VERSION:%+x}" %]; then
        \rehash
    elif %[ %-n "%${POSH_VERSION:%+x}" %]; then
        : # pass
    else
        \hash %-r
    fi
}

__conda_activate%(%) {
    if %[ %-n "%${CONDA_PS1_BACKUP:%+x}" %]; then
        # Handle transition from shell activated with conda <= 4%.3 to a
subsequent activation
        # after conda updated to >= 4%.4%. See issue #6173%.
        PS1="%$CONDA_PS1_BACKUP"
        \unset CONDA_PS1_BACKUP
    fi
    \local ask_conda
    ask_conda="%$%(PS1="%${PS1:%-}" __conda_exe shell%.posix "%$@"%)" ||
\return
    \eval "%$ask_conda"
    __conda_hashr
}

__conda_reactivate%(%) {
    \local ask_conda
    ask_conda="%$%(PS1="%${PS1:%-}" __conda_exe shell%.posix reactivate%)" ||
\return
    \eval "%$ask_conda"
    __conda_hashr
}

conda%(%) {
    \local cmd="%${1%-__missing__}"
    case "%$cmd" in
        activate|deactivate%)
            __conda_activate "%$@"
            ;;
        install|update|upgrade|remove|uninstall%)
            __conda_exe "%$@" || \return
            __conda_reactivate
            ;;
        %*%)
            __conda_exe "%$@"
            ;;
    esac
}

if %[ %-z "%${CONDA_SHLVL%+x}" %]; then
    \export CONDA_SHLVL=0
    # In dev%-mode CONDA_EXE is python%.exe and on Windows
    # it is in a different relative location to condabin%.
    if %[ %-n "%${_CE_CONDA:%+x}" %] && %[ %-n "%${WINDIR%+x}" %]; then
        PATH="%$%(\dirname "%$CONDA_EXE"%)/condabin%${PATH:%+":%${PATH}"}"
    else
        PATH="%$%(\dirname "%$%(\dirname
"%$CONDA_EXE"%)"%)/condabin%${PATH:%+":%${PATH}"}"
    fi
    \export PATH

    # Were".



sh: line 73: fg: no job control
sh: -c: line 76: syntax error near unexpected token `fi'
sh: -c: line 76: `fi'
Lmod has detected the following error: The following module(s) are unknown:
"eval"

Please check the spelling or version number. Also try "module spider ..."
It is also possible your cache file is out-of-date; it may help to try:
  $ module --ignore_cache load "eval"

Also make sure that all modulefiles written in TCL start with the string
#%Module



Lmod has detected the following error: The following module(s) are unknown:
"conda"

Please check the spelling or version number. Also try "module spider ..."
It is also possible your cache file is out-of-date; it may help to try:
  $ module --ignore_cache load "conda"

Also make sure that all modulefiles written in TCL start with the string
#%Module



Traceback (most recent call last):
  File "/home/rrammohan/jobs/1d_pinn/1D_HT_Pinn/Data-prep/PINN/MushyZone-PINN/Pinn-Mush/Spartan/Script/H_1.py", line 27, in <module>
    import torch
ModuleNotFoundError: No module named 'torch'
Job ID           : 64900565
Cluster          : spartan
User/Project     : rrammohan/punim2143
Nodes            : 1
Wall-clock time  : 00:00:30 / 07:00:00

Displaying overall resources usage from 2024-09-01 01:01:17 to 2024-09-01 01:01:47:

NODE            CPU#        TOT%   ( USR   / SYS   / WIO   / IDLE  ) 

spartan-gpgpu124 : 
                CPU# 1    : 14.8   (  11.6 /   3.1 /   0.1 /  85.1 ) 
                CPU# 2    : 4.4    (   3.3 /   1.1 /   0.4 /  95.2 ) 

                GPU# 1    : 0.0   
                GPU# 2    : 0.0   


Allocated CPUs            : 2    
  CPUs with usage <25%    : 2    
  CPUs with usage <50%    : 0    
  CPUs with usage >50%    : 0    


Allocated GPUs            : 2    
  GPUs with usage <25%    : 2    
  GPUs with usage <50%    : 0    
  GPUs with usage >50%    : 0    

Memory used (RAM)         : 0.0%  [14MB of 137439MB]

--------------------------------------------

